===============================
 Artillery Configuration - Thu Oct  2 15:49:05 -03 2025 
===============================
config:
  target: ws://localhost:3000/websocket
  phases:
  - duration: 60
    arrivalRate: 15
  ensure:
    maxErrorRate: 1
    max: 500
  processor: '../tests/server-load-helpers.js'
scenarios:
  - name: Measure Task Latency (3.x)
    flow:
      - function: 'beforeScenario'
      - function: 'reactivePubSubTasksDdp'
      - function: 'afterScenario'
===============================
===============================
 Environment Variables - Thu Oct  2 15:49:05 -03 2025 
===============================
MONGO_URL = mongodb://localhost:27017,localhost:27018,localhost:27019/?replicaSet=rs0
MONGO_OPLOG_URL = mongodb://localhost:27017,localhost:27018,localhost:27019/local?replicaSet=rs0
MONTI_APP_ID = Z6A9yDhJQeaCYbjrg
MONTI_APP_SECRET = b2427f56-45b6-40ae-9eba-c9c2fa079dd0
ENABLE_APM = 1
METEOR_CHECKOUT_PATH = /Users/italojose/dev/meteor-dev/meteor
SKIP_KILL_CONTAINERS = 
GALAXY_API_KEY = 
GALAXY_TOKEN = 
===============================
Dropping 'test' database before running benchmarks...
'test' database dropped successfully.

Changes to your project's package version selections:

apm-agent                       added, version 0.0.1
montiapm:agent+                 added, version 3.0.0-beta.16
montiapm:agent-binary-deps      added, version 3.0.0
montiapm:meteorx                added, version 2.3.1
montiapm:profiler+              added, version 1.7.0-beta.3
zodern:meteor-package-versions  added, version 0.2.2
zodern:types                    added, version 1.0.13


+ In order to resolve constraints, we had to use experimental versions of
these
packages.

apm-agent
===============================
 Meteor checkout version - 3c7c7c6c3a2ee19c00047beeedf494898b6d6939
===============================
=> Running Meteor from a checkout -- overrides project version (Meteor 3.0.2)
[[[[[ ~/dev/meteor-dev/performance/apps/tasks-3.x ]]]]]

=> Started proxy.
=> Started HMR server.

Changes to your project's package version selections:

allow-deny                 upgraded from 2.0.0 to 2.1.0
autoupdate                 upgraded from 2.0.0 to 2.0.1
babel-compiler             upgraded from 7.11.0 to 7.12.2
blaze-tools                removed from your project
boilerplate-generator      upgraded from 2.0.0 to 2.0.2
caching-compiler           upgraded from 2.0.0 to 2.0.1
caching-html-compiler      removed from your project
callback-hook              upgraded from 1.6.0 to 1.6.1
check                      upgraded from 1.4.2 to 1.4.4
ddp-client                 upgraded from 3.0.1 to 3.1.1
ddp-server                 upgraded from 3.0.1 to 3.1.2
ecmascript                 upgraded from 0.16.9 to 0.16.13
ecmascript-runtime         upgraded from 0.8.2 to 0.8.3
ecmascript-runtime-client  upgraded from 0.12.2 to 0.12.3
ejson                      upgraded from 1.1.4 to 1.1.5
fetch                      upgraded from 0.1.5 to 0.1.6
html-tools                 removed from your project
htmljs                     removed from your project
logging                    upgraded from 1.3.5 to 1.3.6
meteor                     upgraded from 2.0.1 to 2.1.1
minifier-css               upgraded from 2.0.0 to 2.0.1
minifier-js                upgraded from 3.0.0 to 3.0.4
minimongo                  upgraded from 2.0.1 to 2.0.4
modern-browsers            upgraded from 0.1.11 to 0.2.3
modules                    upgraded from 0.20.1 to 0.20.3
mongo                      upgraded from 2.0.1 to 2.1.4
mongo-decimal              upgraded from 0.1.4-beta300.7 to 0.2.0
npm-mongo*                 upgraded from 4.17.4 to 6.16.1
shell-server               upgraded from 0.6.0 to 0.6.2
socket-stream-client       upgraded from 0.5.3 to 0.6.1
spacebars-compiler         removed from your project
standard-minifier-js       upgraded from 3.0.0 to 3.1.1
static-html                upgraded from 1.3.3 to 1.4.0
static-html-tools          added, version 1.0.0
templating-tools           removed from your project
typescript                 upgraded from 5.4.3 to 5.6.6
webapp                     upgraded from 2.0.1 to 2.0.7


* These packages have been updated to new versions that are not backwards
compatible.
W20251002-15:49:28.475(-3)? (STDERR) Deprecation warnings are hidden but crucial to address for future Meteor updates. 
W20251002-15:49:28.479(-3)? (STDERR)  Remove the `METEOR_NO_DEPRECATION` env var to reveal them, then report or fix the issues.
I20251002-15:49:28.587(-3)? ✅ Using OplogObserveDriver for {"ordered":false,"collectionName":"__dummy_coll_vZ8CumuCegaikfKxR","selector":{},"options":{"transform":null}}
I20251002-15:49:28.593(-3)? ✅ Using PollingObserveDriver for {"ordered":false,"collectionName":"__dummy_coll_vZ8CumuCegaikfKxR","selector":{},"options":{"transform":null,"limit":20,"_disableOplog":true}}
I20251002-15:49:28.594(-3)? ✅ Using OplogObserveDriver for {"ordered":false,"collectionName":"__dummy_coll_vZ8CumuCegaikfKxR","selector":{},"options":{"transform":null}}
=> Started your app.

=> App running at: http://localhost:3000/
APP PID: 4713
Replica node localhost:27017 PID: 49803
Replica node localhost:27018 PID: 49806
Replica node localhost:27019 PID: 49817
Replica PIDs: 49803 49806 49817
I20251002-15:49:28.818(-3)? Monti APM: Connected
Monitor CpuRam APP Pid 4753
Monitor CpuRam REPLICA_localhost_27017 Pid 4759
Monitor CpuRam REPLICA_localhost_27018 Pid 4760
Monitor CpuRam REPLICA_localhost_27019 Pid 4761
Test run id: tx8hx_gq8trre6wban6cqpq9m4mm5w9th5z_e4ay
APP | Cpu 80 Memory 175063040
REPLICA_localhost_27019 | Cpu 1.3537264981885464 Memory 338984960
REPLICA_localhost_27017 | Cpu 1.2287613560824286 Memory 338018304
REPLICA_localhost_27018 | Cpu 1.2739087081763794 Memory 336887808
Phase started: unnamed (index: 0, duration: 60s) 15:49:30(-0300)

I20251002-15:49:31.238(-3)? ✅ Using OplogObserveDriver for {"ordered":false,"collectionName":"taskCollection","selector":{},"options":{"transform":null}}
APP | Cpu 64 Memory 371752960
REPLICA_localhost_27019 | Cpu 56.99999999999999 Memory 331382784
REPLICA_localhost_27018 | Cpu 35 Memory 332709888
REPLICA_localhost_27017 | Cpu 35 Memory 329793536
--------------------------------------
Metrics for period to: 15:49:40(-0300) (width: 8.754s)
--------------------------------------

vusers.completed: .............................................................. 122
vusers.created: ................................................................ 130
vusers.created_by_name.Measure Task Latency (3.x): ............................. 130
vusers.failed: ................................................................. 0
vusers.session_length:
  min: ......................................................................... 637.2
  max: ......................................................................... 841.9
  mean: ........................................................................ 727
  median: ...................................................................... 727.9
  p95: ......................................................................... 820.7
  p99: ......................................................................... 837.3


REPLICA_localhost_27017 | Cpu 40 Memory 331366400
APP | Cpu 69 Memory 373473280
REPLICA_localhost_27019 | Cpu 69 Memory 332955648
REPLICA_localhost_27018 | Cpu 40 Memory 334168064
--------------------------------------
Metrics for period to: 15:49:50(-0300) (width: 9.967s)
--------------------------------------

vusers.completed: .............................................................. 147
vusers.created: ................................................................ 150
vusers.created_by_name.Measure Task Latency (3.x): ............................. 150
vusers.failed: ................................................................. 0
vusers.session_length:
  min: ......................................................................... 668.1
  max: ......................................................................... 909.7
  mean: ........................................................................ 759.2
  median: ...................................................................... 757.6
  p95: ......................................................................... 871.5
  p99: ......................................................................... 889.1


REPLICA_localhost_27017 | Cpu 32 Memory 369115136
REPLICA_localhost_27019 | Cpu 55.00000000000001 Memory 337346560
REPLICA_localhost_27018 | Cpu 32 Memory 365346816
APP | Cpu 54 Memory 375062528
--------------------------------------
Metrics for period to: 15:50:00(-0300) (width: 9.96s)
--------------------------------------

vusers.completed: .............................................................. 153
vusers.created: ................................................................ 150
vusers.created_by_name.Measure Task Latency (3.x): ............................. 150
vusers.failed: ................................................................. 0
vusers.session_length:
  min: ......................................................................... 650.2
  max: ......................................................................... 832.9
  mean: ........................................................................ 714.6
  median: ...................................................................... 699.4
  p95: ......................................................................... 804.5
  p99: ......................................................................... 820.7


REPLICA_localhost_27017 | Cpu 33 Memory 369229824
REPLICA_localhost_27018 | Cpu 34 Memory 365412352
REPLICA_localhost_27019 | Cpu 56.00000000000001 Memory 341147648
APP | Cpu 54 Memory 374685696
--------------------------------------
Metrics for period to: 15:50:10(-0300) (width: 9.961s)
--------------------------------------

vusers.completed: .............................................................. 150
vusers.created: ................................................................ 150
vusers.created_by_name.Measure Task Latency (3.x): ............................. 150
vusers.failed: ................................................................. 0
vusers.session_length:
  min: ......................................................................... 638.6
  max: ......................................................................... 781
  mean: ........................................................................ 703.4
  median: ...................................................................... 699.4
  p95: ......................................................................... 757.6
  p99: ......................................................................... 772.9


REPLICA_localhost_27017 | Cpu 33 Memory 369901568
REPLICA_localhost_27018 | Cpu 34 Memory 366034944
REPLICA_localhost_27019 | Cpu 59 Memory 348372992
APP | Cpu 56.00000000000001 Memory 379174912
--------------------------------------
Metrics for period to: 15:50:20(-0300) (width: 9.96s)
--------------------------------------

vusers.completed: .............................................................. 150
vusers.created: ................................................................ 150
vusers.created_by_name.Measure Task Latency (3.x): ............................. 150
vusers.failed: ................................................................. 0
vusers.session_length:
  min: ......................................................................... 642.9
  max: ......................................................................... 770.4
  mean: ........................................................................ 714.6
  median: ...................................................................... 713.5
  p95: ......................................................................... 757.6
  p99: ......................................................................... 757.6


REPLICA_localhost_27017 | Cpu 34 Memory 369885184
REPLICA_localhost_27019 | Cpu 60 Memory 351469568
REPLICA_localhost_27018 | Cpu 34 Memory 367788032
APP | Cpu 61 Memory 381419520
Phase completed: unnamed (index: 0, duration: 60s) 15:50:30(-0300)

--------------------------------------
Metrics for period to: 15:50:30(-0300) (width: 9.962s)
--------------------------------------

vusers.completed: .............................................................. 150
vusers.created: ................................................................ 150
vusers.created_by_name.Measure Task Latency (3.x): ............................. 150
vusers.failed: ................................................................. 0
vusers.session_length:
  min: ......................................................................... 682
  max: ......................................................................... 789.2
  mean: ........................................................................ 731.7
  median: ...................................................................... 727.9
  p95: ......................................................................... 772.9
  p99: ......................................................................... 772.9


--------------------------------------
Metrics for period to: 15:50:40(-0300) (width: 1.911s)
--------------------------------------

vusers.completed: .............................................................. 28
vusers.created: ................................................................ 20
vusers.created_by_name.Measure Task Latency (3.x): ............................. 20
vusers.failed: ................................................................. 0
vusers.session_length:
  min: ......................................................................... 709.5
  max: ......................................................................... 769.7
  mean: ........................................................................ 741.6
  median: ...................................................................... 742.6
  p95: ......................................................................... 757.6
  p99: ......................................................................... 772.9


All VUs finished. Total time: 1 minute, 2 seconds

--------------------------------
Summary report @ 15:50:33(-0300)
--------------------------------

vusers.completed: .............................................................. 900
vusers.created: ................................................................ 900
vusers.created_by_name.Measure Task Latency (3.x): ............................. 900
vusers.failed: ................................................................. 0
vusers.session_length:
  min: ......................................................................... 637.2
  max: ......................................................................... 909.7
  mean: ........................................................................ 725.4
  median: ...................................................................... 727.9
  p95: ......................................................................... 804.5
  p99: ......................................................................... 871.5

Changes to your project's package version selections:

apm-agent                       removed from your project
montiapm:agent                  removed from your project
montiapm:agent-binary-deps      removed from your project
montiapm:meteorx                removed from your project
montiapm:profiler               removed from your project
zodern:meteor-package-versions  removed from your project
zodern:types                    removed from your project

apm-agent: removed dependency
----------
REPLICA_localhost_27018
Average CPU usage (%): 30.37
Average Memory usage (bytes): 355 MB
----------
----------
REPLICA_localhost_27019
Average CPU usage (%): 51.44
Average Memory usage (bytes): 340 MB
----------
----------
APP
Average CPU usage (%): 54.58
Average Memory usage (bytes): 360 MB
----------
----------
REPLICA_localhost_27017
Average CPU usage (%): 30.37
Average Memory usage (bytes): 355 MB
----------
[0;32mOutput is suitable for comparisons (logs/oplog-server-tasks-3.x-reactive-stress-server.yml.log)[0m
[0;32m Replicaset managed the configuration correctly.[0m
